<?xml version="1.0" encoding="UTF-8"?>
<robot generator="Robot 4.1.3 (Python 3.7.4 on win32)" generated="20220208 11:23:04.659" rpa="false" schemaversion="2">
<suite id="s1" name="ExemploTiposVariaveis" source="C:\Users\Usuario\Documents\Robotframework\tests\ExemploTiposVariaveis.robot">
<test id="s1-t1" name="Caso de teste de exemplo 01">
<kw name="Uma keyword qualquer 01">
<msg timestamp="20220208 11:23:04.733" level="TRACE">Arguments: [  ]</msg>
<kw name="Log" library="BuiltIn">
<arg>${GLOBAL_SIMPLES}</arg>
<doc>Logs the given message with the given level.</doc>
<msg timestamp="20220208 11:23:04.734" level="TRACE">Arguments: [ 'Vamos ver os tipos de variáveis no robot!' ]</msg>
<msg timestamp="20220208 11:23:04.734" level="INFO">Vamos ver os tipos de variáveis no robot!</msg>
<msg timestamp="20220208 11:23:04.734" level="TRACE">Return: None</msg>
<status status="PASS" starttime="20220208 11:23:04.733" endtime="20220208 11:23:04.734"/>
</kw>
<kw name="Log" library="BuiltIn">
<arg>Tem que ser maça: ${FRUTAS[2]} e ssa tem que ser morango: ${FRUTAS[0]}</arg>
<doc>Logs the given message with the given level.</doc>
<msg timestamp="20220208 11:23:04.740" level="TRACE">Arguments: [ 'Tem que ser maça: maça e ssa tem que ser morango: morando' ]</msg>
<msg timestamp="20220208 11:23:04.740" level="INFO">Tem que ser maça: maça e ssa tem que ser morango: morando</msg>
<msg timestamp="20220208 11:23:04.740" level="TRACE">Return: None</msg>
<status status="PASS" starttime="20220208 11:23:04.735" endtime="20220208 11:23:04.740"/>
</kw>
<kw name="Log" library="BuiltIn">
<arg>Nome: ${PESSOA.nome} e amila: ${PESSOA.email}</arg>
<doc>Logs the given message with the given level.</doc>
<msg timestamp="20220208 11:23:04.744" level="TRACE">Arguments: [ 'Nome: Kaio Cândido S. e amila: kaio@hotmail.com' ]</msg>
<msg timestamp="20220208 11:23:04.744" level="INFO">Nome: Kaio Cândido S. e amila: kaio@hotmail.com</msg>
<msg timestamp="20220208 11:23:04.745" level="TRACE">Return: None</msg>
<status status="PASS" starttime="20220208 11:23:04.741" endtime="20220208 11:23:04.745"/>
</kw>
<msg timestamp="20220208 11:23:04.745" level="TRACE">Return: None</msg>
<status status="PASS" starttime="20220208 11:23:04.732" endtime="20220208 11:23:04.745"/>
</kw>
<status status="PASS" starttime="20220208 11:23:04.731" endtime="20220208 11:23:04.746"/>
</test>
<doc>Exemplo de tipos de variáveis: SIMPLES, LISTAS e DICIONÁRIOS</doc>
<status status="PASS" starttime="20220208 11:23:04.662" endtime="20220208 11:23:04.749"/>
</suite>
<statistics>
<total>
<stat pass="1" fail="0" skip="0">All Tests</stat>
</total>
<tag>
</tag>
<suite>
<stat pass="1" fail="0" skip="0" id="s1" name="ExemploTiposVariaveis">ExemploTiposVariaveis</stat>
</suite>
</statistics>
<errors>
</errors>
</robot>
