<?xml version="1.0" encoding="UTF-8"?>
<robot generator="Robot 4.1.3 (Python 3.7.4 on win32)" generated="20220128 09:41:56.480" rpa="false" schemaversion="2">
<suite id="s1" name="TestSitePractice" source="C:\Users\Usuario\Documents\Robotframework\tests\TestSitePractice.robot">
<test id="s1-t1" name="Caso de teste 01: Pesquisar produtos existentes">
<kw name="Abrir navegador" library="Resource" type="SETUP">
<kw name="Open Browser" library="SeleniumLibrary">
<arg>about:blank</arg>
<arg>${BROWSER}</arg>
<doc>Opens a new browser instance to the optional ``url``.</doc>
<msg timestamp="20220128 09:41:56.788" level="INFO">Opening browser 'chrome' to base url 'about:blank'.</msg>
<status status="PASS" starttime="20220128 09:41:56.788" endtime="20220128 09:41:57.948"/>
</kw>
<status status="PASS" starttime="20220128 09:41:56.787" endtime="20220128 09:41:57.948"/>
</kw>
<kw name="Acessar a página home do site" library="Resource">
<kw name="Go To" library="SeleniumLibrary">
<arg>${URL}</arg>
<doc>Navigates the current browser window to the provided ``url``.</doc>
<msg timestamp="20220128 09:41:57.950" level="INFO">Opening url 'https://www.magazineluiza.com.br/'</msg>
<status status="PASS" starttime="20220128 09:41:57.950" endtime="20220128 09:42:00.936"/>
</kw>
<kw name="Title Should Be" library="SeleniumLibrary">
<arg>${TITLE_PAGE}</arg>
<doc>Verifies that the current page title equals ``title``.</doc>
<msg timestamp="20220128 09:42:00.947" level="INFO">Page title is 'Magazine Luiza | Pra você é Magalu!'.</msg>
<status status="PASS" starttime="20220128 09:42:00.936" endtime="20220128 09:42:00.947"/>
</kw>
<status status="PASS" starttime="20220128 09:41:57.949" endtime="20220128 09:42:00.947"/>
</kw>
<kw name="Digitar o nome &quot;${PESQUISA}&quot; a ser pesquisado" library="Resource" sourcename="Digitar o nome &quot;${PESQUISA}&quot; a ser pesquisado">
<kw name="Wait Until Element Is Visible" library="SeleniumLibrary">
<arg>${CAMPO_PESQUISA}</arg>
<doc>Waits until the element ``locator`` is visible.</doc>
<status status="PASS" starttime="20220128 09:42:00.948" endtime="20220128 09:42:00.980"/>
</kw>
<kw name="Input Text" library="SeleniumLibrary">
<arg>${CAMPO_PESQUISA}</arg>
<arg>${PESQUISA}</arg>
<doc>Types the given ``text`` into the text field identified by ``locator``.</doc>
<msg timestamp="20220128 09:42:00.981" level="INFO">Typing text 'PS4' into text field 'id=input-search'.</msg>
<status status="PASS" starttime="20220128 09:42:00.981" endtime="20220128 09:42:01.127"/>
</kw>
<status status="PASS" starttime="20220128 09:42:00.948" endtime="20220128 09:42:01.128"/>
</kw>
<kw name="Clicar no botão Pesquisar" library="Resource">
<kw name="Wait Until Element Is Visible" library="SeleniumLibrary">
<arg>${BUTTOM_SEARCH}</arg>
<doc>Waits until the element ``locator`` is visible.</doc>
<status status="PASS" starttime="20220128 09:42:01.129" endtime="20220128 09:42:01.157"/>
</kw>
<kw name="Click Element" library="SeleniumLibrary">
<arg>${BUTTOM_SEARCH}</arg>
<doc>Click the element identified by ``locator``.</doc>
<msg timestamp="20220128 09:42:01.158" level="INFO">Clicking element 'css:svg[data-testid="search-submit"]'.</msg>
<status status="PASS" starttime="20220128 09:42:01.157" endtime="20220128 09:42:01.417"/>
</kw>
<kw name="Wait Until Element Is Visible" library="SeleniumLibrary">
<arg>css:span[title="Resultados para "]</arg>
<doc>Waits until the element ``locator`` is visible.</doc>
<status status="PASS" starttime="20220128 09:42:01.418" endtime="20220128 09:42:03.023"/>
</kw>
<kw name="Element Text Should Be" library="SeleniumLibrary">
<arg>//*[@id="__next"]/div/main/section[4]/div[1]/div/h1</arg>
<arg>${PESQUISA}</arg>
<doc>Verifies that element ``locator`` contains exact the text ``expected``.</doc>
<msg timestamp="20220128 09:42:03.024" level="INFO">Verifying element '//*[@id="__next"]/div/main/section[4]/div[1]/div/h1' contains exact text 'PS4'.</msg>
<status status="PASS" starttime="20220128 09:42:03.023" endtime="20220128 09:42:03.326"/>
</kw>
<status status="PASS" starttime="20220128 09:42:01.128" endtime="20220128 09:42:03.326"/>
</kw>
<kw name="Fechar navegador" library="Resource" type="TEARDOWN">
<kw name="Close Browser" library="SeleniumLibrary">
<doc>Closes the current browser.</doc>
<status status="PASS" starttime="20220128 09:42:03.328" endtime="20220128 09:42:05.616"/>
</kw>
<status status="PASS" starttime="20220128 09:42:03.327" endtime="20220128 09:42:05.616"/>
</kw>
<status status="PASS" starttime="20220128 09:41:56.787" endtime="20220128 09:42:05.617"/>
</test>
<status status="PASS" starttime="20220128 09:41:56.482" endtime="20220128 09:42:05.618"/>
</suite>
<statistics>
<total>
<stat pass="1" fail="0" skip="0">All Tests</stat>
</total>
<tag>
</tag>
<suite>
<stat pass="1" fail="0" skip="0" id="s1" name="TestSitePractice">TestSitePractice</stat>
</suite>
</statistics>
<errors>
</errors>
</robot>
